<?xml version="1.0" encoding="UTF-8"?><testrun name="PizzariaTestSuite (1)" project="webpizzaria" tests="64" started="64" failures="1" errors="0" ignored="0">
  <testsuite name="unitario.PizzariaTestSuite" time="0.061">
    <testsuite name="unitario.ClienteTest" time="0.001">
      <testcase name="testDefinirNome" classname="unitario.ClienteTest" time="0.001"/>
      <testcase name="testCriarClienteEmailInvalido" classname="unitario.ClienteTest" time="0.0"/>
      <testcase name="testCriarClienteSenhaInvalido" classname="unitario.ClienteTest" time="0.0"/>
      <testcase name="testCriarClienteTelefoneInvalido" classname="unitario.ClienteTest" time="0.0"/>
      <testcase name="testCriarCliente" classname="unitario.ClienteTest" time="0.0"/>
      <testcase name="testDefinirEnderecoInvalido" classname="unitario.ClienteTest" time="0.0"/>
      <testcase name="testDefinirId" classname="unitario.ClienteTest" time="0.0"/>
      <testcase name="testDefinirEmailInvalido" classname="unitario.ClienteTest" time="0.0"/>
      <testcase name="testRealizarAutenticacaoSenhaCorreta" classname="unitario.ClienteTest" time="0.0"/>
      <testcase name="testDefinirSenhaInvalida" classname="unitario.ClienteTest" time="0.0"/>
      <testcase name="testDefinirEndereco" classname="unitario.ClienteTest" time="0.0"/>
      <testcase name="testCriarClienteNomeInvalido" classname="unitario.ClienteTest" time="0.0"/>
      <testcase name="testDefinirTelefoneInvalido" classname="unitario.ClienteTest" time="0.0"/>
      <testcase name="testDefinirIdInvalido" classname="unitario.ClienteTest" time="0.0"/>
      <testcase name="testDefinirNomeInvalido" classname="unitario.ClienteTest" time="0.0"/>
      <testcase name="testDefinirEmail" classname="unitario.ClienteTest" time="0.0"/>
      <testcase name="testDefinirSenha" classname="unitario.ClienteTest" time="0.0"/>
      <testcase name="testDefinirTelefone" classname="unitario.ClienteTest" time="0.0"/>
      <testcase name="testRealizarAutenticacaoSenhaIncorreta" classname="unitario.ClienteTest" time="0.0"/>
      <testcase name="testCriarClienteEnderecoInvalido" classname="unitario.ClienteTest" time="0.0"/>
    </testsuite>
    <testsuite name="unitario.ItemPedidoTest" time="0.0">
      <testcase name="testCriarItemPedidoPedidoInvalido" classname="unitario.ItemPedidoTest" time="0.0"/>
      <testcase name="testCriarItemPedidoPizzaInvalida" classname="unitario.ItemPedidoTest" time="0.0"/>
      <testcase name="testObterSubtotal" classname="unitario.ItemPedidoTest" time="0.0"/>
      <testcase name="testCriarItemPedido" classname="unitario.ItemPedidoTest" time="0.0"/>
      <testcase name="testCriarItemPedidoQuantidadeInvalida" classname="unitario.ItemPedidoTest" time="0.0"/>
    </testsuite>
    <testsuite name="unitario.PagamentoTest" time="0.051">
      <testcase name="testDefinirValorRecebido" classname="unitario.PagamentoTest" time="0.0"/>
      <testcase name="testDefinirFormaDePagamentoInvalida" classname="unitario.PagamentoTest" time="0.0"/>
      <testcase name="testCalcularTrocoFormaDePagamentoInvalida" classname="unitario.PagamentoTest" time="0.0"/>
      <testcase name="testDefinirValorRecebidoInvalido" classname="unitario.PagamentoTest" time="0.001"/>
      <testcase name="testNovoPagamentoFormaDePagamentoInvalida" classname="unitario.PagamentoTest" time="0.0"/>
      <testcase name="testDefinirFormaDePagamento" classname="unitario.PagamentoTest" time="0.0"/>
      <testcase name="testCalcularTrocoInvalido" classname="unitario.PagamentoTest" time="0.0"/>
      <testcase name="testCalcularTroco" classname="unitario.PagamentoTest" time="0.0"/>
      <testcase name="testNovoPagamentoValorRecebidoInvalido" classname="unitario.PagamentoTest" time="0.049">
        <failure>java.lang.AssertionError: Expected exception: excecoes.ExcecaoDePagamento
	at org.junit.internal.runners.statements.ExpectException.evaluate(ExpectException.java:32)
	at org.junit.runners.ParentRunner.runLeaf(ParentRunner.java:271)
	at org.junit.runners.BlockJUnit4ClassRunner.runChild(BlockJUnit4ClassRunner.java:70)
	at org.junit.runners.BlockJUnit4ClassRunner.runChild(BlockJUnit4ClassRunner.java:50)
	at org.junit.runners.ParentRunner$3.run(ParentRunner.java:238)
	at org.junit.runners.ParentRunner$1.schedule(ParentRunner.java:63)
	at org.junit.runners.ParentRunner.runChildren(ParentRunner.java:236)
	at org.junit.runners.ParentRunner.access$000(ParentRunner.java:53)
	at org.junit.runners.ParentRunner$2.evaluate(ParentRunner.java:229)
	at org.junit.runners.ParentRunner.run(ParentRunner.java:309)
	at org.junit.runners.Suite.runChild(Suite.java:127)
	at org.junit.runners.Suite.runChild(Suite.java:26)
	at org.junit.runners.ParentRunner$3.run(ParentRunner.java:238)
	at org.junit.runners.ParentRunner$1.schedule(ParentRunner.java:63)
	at org.junit.runners.ParentRunner.runChildren(ParentRunner.java:236)
	at org.junit.runners.ParentRunner.access$000(ParentRunner.java:53)
	at org.junit.runners.ParentRunner$2.evaluate(ParentRunner.java:229)
	at org.junit.runners.ParentRunner.run(ParentRunner.java:309)
	at org.eclipse.jdt.internal.junit4.runner.JUnit4TestReference.run(JUnit4TestReference.java:50)
	at org.eclipse.jdt.internal.junit.runner.TestExecution.run(TestExecution.java:38)
	at org.eclipse.jdt.internal.junit.runner.RemoteTestRunner.runTests(RemoteTestRunner.java:459)
	at org.eclipse.jdt.internal.junit.runner.RemoteTestRunner.runTests(RemoteTestRunner.java:675)
	at org.eclipse.jdt.internal.junit.runner.RemoteTestRunner.run(RemoteTestRunner.java:382)
	at org.eclipse.jdt.internal.junit.runner.RemoteTestRunner.main(RemoteTestRunner.java:192)

</failure>
      </testcase>
      <testcase name="testNovoPagamento" classname="unitario.PagamentoTest" time="0.001"/>
    </testsuite>
    <testsuite name="unitario.PedidoTest" time="0.007">
      <testcase name="testDefinirDataHoraInvalida" classname="unitario.PedidoTest" time="0.0"/>
      <testcase name="testObterValorTotal" classname="unitario.PedidoTest" time="0.001"/>
      <testcase name="testIncluirPizzaJaExistente" classname="unitario.PedidoTest" time="0.0"/>
      <testcase name="testDefinirCliente" classname="unitario.PedidoTest" time="0.002"/>
      <testcase name="testDefinirId" classname="unitario.PedidoTest" time="0.0"/>
      <testcase name="testDefinirPagamento" classname="unitario.PedidoTest" time="0.0"/>
      <testcase name="testDefinirPagamentoInvalido" classname="unitario.PedidoTest" time="0.0"/>
      <testcase name="testNovoPedidoClienteInvalido" classname="unitario.PedidoTest" time="0.0"/>
      <testcase name="testDefinirDataHora" classname="unitario.PedidoTest" time="0.0"/>
      <testcase name="testDefinirItensInvalido" classname="unitario.PedidoTest" time="0.0"/>
      <testcase name="testDefinirIdInvalido" classname="unitario.PedidoTest" time="0.0"/>
      <testcase name="testDefinirClienteInvalido" classname="unitario.PedidoTest" time="0.002"/>
      <testcase name="testObterValorDeTroco" classname="unitario.PedidoTest" time="0.0"/>
      <testcase name="testRemoverPizza" classname="unitario.PedidoTest" time="0.0"/>
      <testcase name="testDefinirItens" classname="unitario.PedidoTest" time="0.0"/>
      <testcase name="testIncluirPizza" classname="unitario.PedidoTest" time="0.0"/>
      <testcase name="testNovoPedido" classname="unitario.PedidoTest" time="0.002"/>
    </testsuite>
    <testsuite name="unitario.PizzaTest" time="0.002">
      <testcase name="testCriarPizzaIngredienteInvalido" classname="unitario.PizzaTest" time="0.0"/>
      <testcase name="testDefinirNome" classname="unitario.PizzaTest" time="0.0"/>
      <testcase name="testDefinirPrecoInvalido" classname="unitario.PizzaTest" time="0.0"/>
      <testcase name="testCriarPizza" classname="unitario.PizzaTest" time="0.0"/>
      <testcase name="testDefinirId" classname="unitario.PizzaTest" time="0.0"/>
      <testcase name="testDefinirIngredientesInvalidos" classname="unitario.PizzaTest" time="0.0"/>
      <testcase name="testDefinirIdInvalido" classname="unitario.PizzaTest" time="0.0"/>
      <testcase name="testCriarPizzaPrecoInvalido" classname="unitario.PizzaTest" time="0.0"/>
      <testcase name="testDefinirNomeInvalido" classname="unitario.PizzaTest" time="0.001"/>
      <testcase name="testCriarPizzaNomeInvalido" classname="unitario.PizzaTest" time="0.0"/>
      <testcase name="testDefinirPreco" classname="unitario.PizzaTest" time="0.001"/>
      <testcase name="testDefinirIngredientes" classname="unitario.PizzaTest" time="0.0"/>
    </testsuite>
  </testsuite>
</testrun>
